<?xml version="1.0" encoding="UTF-8"?>
<!-- Generated by org.testng.reporters.JUnitXMLReporter -->
<testsuite ignored="0" hostname="LAPTOP-225A7GC3" failures="1" tests="1" name="chrome" time="0.016" errors="0" timestamp="2026-01-04T21:03:26 IST">
  <testcase classname="testCases.AccountRegistrationPage" name="verify_account_reg" time="0.005">
    <failure type="java.lang.AssertionError" message="null">
      <![CDATA[java.lang.AssertionError: null
at testCases.AccountRegistrationPage.verify_account_reg(AccountRegistrationPage.java:55)
at java.base/java.util.ArrayList.forEach(ArrayList.java:1596)
... Removed 27 stack frames]]>
    </failure>
  </testcase> <!-- verify_account_reg -->
</testsuite> <!-- chrome -->
