<?xml version="1.0" encoding="UTF-8"?>
<testsuite xmlns:xsi="http://www.w3.org/2001/XMLSchema-instance" xsi:noNamespaceSchemaLocation="https://maven.apache.org/surefire/maven-surefire-plugin/xsd/surefire-test-report.xsd" version="3.0.2" name="TestSuite" time="15.037" tests="1" errors="0" skipped="0" failures="0">
  <properties>
[...]
</properties>
  <testcase name="verify_account_reg" classname="testCases.AccountRegistrationPage" time="3.933">
    <system-err><![CDATA[SLF4J(W): No SLF4J providers were found.
SLF4J(W): Defaulting to no-operation (NOP) logger implementation
SLF4J(W): See https://www.slf4j.org/codes.html#noProviders for further details.
SLF4J(W): Class path contains SLF4J bindings targeting slf4j-api versions 1.7.x or earlier.
SLF4J(W): Ignoring binding found at [jar:file:/C:/Users/Praful/.m2/repository/org/apache/logging/log4j/log4j-slf4j-impl/2.25.3/log4j-slf4j-impl-2.25.3.jar!/org/slf4j/impl/StaticLoggerBinder.class]
SLF4J(W): See https://www.slf4j.org/codes.html#ignoredBindings for an explanation.
2026-01-04T19:07:03.996937200Z main INFO Starting configuration XmlConfiguration[location=C:\Users\Praful\eclipse-workspace\opencart121\target\test-classes\log4j2.xml, lastModified=2026-01-03T21:29:27.225Z]...
2026-01-04T19:07:03.997936900Z main INFO Configuration XmlConfiguration[location=C:\Users\Praful\eclipse-workspace\opencart121\target\test-classes\log4j2.xml, lastModified=2026-01-03T21:29:27.225Z] started.
2026-01-04T19:07:04.000215400Z main INFO Stopping configuration org.apache.logging.log4j.core.config.DefaultConfiguration@1338fb5...
2026-01-04T19:07:04.000215400Z main INFO Configuration org.apache.logging.log4j.core.config.DefaultConfiguration@1338fb5 stopped.
]]></system-err>
  </testcase>
</testsuite>