<?xml version="1.0" encoding="UTF-8"?>
<testng-results ignored="0" total="1" passed="1" failed="0" skipped="0">
  <reporter-output>
  </reporter-output>
  <suite started-at="2026-01-05T00:37:03 IST" name="Master Suite" finished-at="2026-01-05T00:37:16 IST" duration-ms="12651">
    <groups>
      <group name="sanity">
        <method signature="AccountRegistrationPage.verify_account_reg()[pri:0, instance:testCases.AccountRegistrationPage@9597028]" name="verify_account_reg" class="testCases.AccountRegistrationPage"/>
      </group> <!-- sanity -->
      <group name="master">
        <method signature="AccountRegistrationPage.verify_account_reg()[pri:0, instance:testCases.AccountRegistrationPage@9597028]" name="verify_account_reg" class="testCases.AccountRegistrationPage"/>
      </group> <!-- master -->
    </groups>
    <test started-at="2026-01-05T00:37:03 IST" name="window" finished-at="2026-01-05T00:37:16 IST" duration-ms="12651">
      <class name="testCases.AccountRegistrationPage">
        <test-method is-config="true" signature="setup(java.lang.String,java.lang.String)[pri:0, instance:testCases.AccountRegistrationPage@9597028]" started-at="2026-01-05T00:37:03 IST" name="setup" finished-at="2026-01-05T00:37:12 IST" duration-ms="8448" status="PASS">
          <params>
            <param index="0">
              <value>
                <![CDATA[chrome]]>
              </value>
            </param>
            <param index="1">
              <value>
                <![CDATA[windows]]>
              </value>
            </param>
          </params>
          <reporter-output>
          </reporter-output>
        </test-method> <!-- setup -->
        <test-method signature="verify_account_reg()[pri:0, instance:testCases.AccountRegistrationPage@9597028]" started-at="2026-01-05T00:37:12 IST" name="verify_account_reg" finished-at="2026-01-05T00:37:16 IST" duration-ms="3905" status="PASS">
          <reporter-output>
          </reporter-output>
        </test-method> <!-- verify_account_reg -->
        <test-method is-config="true" signature="tearDown()[pri:0, instance:testCases.AccountRegistrationPage@9597028]" started-at="2026-01-05T00:37:16 IST" name="tearDown" finished-at="2026-01-05T00:37:16 IST" duration-ms="2" status="PASS">
          <reporter-output>
          </reporter-output>
        </test-method> <!-- tearDown -->
      </class> <!-- testCases.AccountRegistrationPage -->
    </test> <!-- window -->
  </suite> <!-- Master Suite -->
</testng-results>
